build/app/outputs/mapping/release/mapping.txt
# compiler: R8
# compiler_version: 1.5.64
# min_api: 16
# pg_map_id: 9eee94f
...
com.google.android.gms.common.api.internal.zabk -> com.google.android.gms.common.api.internal.x:
    com.google.android.gms.common.api.internal.GoogleApiManager$zaa zaiy -> a
com.google.android.gms.common.api.internal.zabm -> com.google.android.gms.common.api.internal.y:
    com.google.android.gms.common.api.internal.GoogleApiManager$zaa zaiy -> a
    void onSignOutComplete() -> a
com.google.android.gms.common.api.internal.zabn -> com.google.android.gms.common.api.internal.z:
    com.google.android.gms.common.api.internal.zabm zaja -> a
com.google.android.gms.common.api.internal.zabo -> com.google.android.gms.common.api.internal.a0:
    com.google.android.gms.common.ConnectionResult zaiz -> a
    com.google.android.gms.common.api.internal.GoogleApiManager$zac zajg -> b
com.google.android.gms.common.api.internal.zabp -> com.google.android.gms.common.api.internal.b0:
    com.google.android.gms.common.api.GoogleApi zajh -> a
    com.google.android.gms.common.api.internal.BaseImplementation$ApiMethodImpl enqueue(com.google.android.gms.common.api.internal.BaseImplementation$ApiMethodImpl) -> a
    android.os.Looper getLooper() -> a
com.google.android.gms.common.api.internal.zabv -> com.google.android.gms.common.api.internal.c0:
    com.google.android.gms.common.api.internal.zab zajr -> a
    com.google.android.gms.common.api.GoogleApi zajt -> c
    int zajs -> b
com.google.android.gms.common.api.internal.zabw -> com.google.android.gms.common.api.internal.d0:
    com.google.android.gms.common.api.internal.UnregisterListenerMethod zajy -> b
    com.google.android.gms.common.api.internal.RegisterListenerMethod zajx -> a
com.google.android.gms.common.api.internal.zac -> com.google.android.gms.common.api.internal.e0:
    com.google.android.gms.common.Feature[] zab(com.google.android.gms.common.api.internal.GoogleApiManager$zaa) -> b
    boolean zac(com.google.android.gms.common.api.internal.GoogleApiManager$zaa) -> c
com.google.android.gms.common.api.internal.zace -> com.google.android.gms.common.api.internal.f0:
    android.content.Context mContext -> a
    com.google.android.gms.common.api.Api$AbstractClientBuilder zaki -> h
    android.os.Handler mHandler -> b
    java.util.Set mScopes -> d
    com.google.android.gms.signin.zad zagb -> f
    com.google.android.gms.common.internal.ClientSettings zaet -> e
    com.google.android.gms.common.api.Api$AbstractClientBuilder zaau -> c
    com.google.android.gms.common.api.internal.zach zakj -> g
    void onConnected(android.os.Bundle) -> a
    void onConnectionFailed(com.google.android.gms.common.ConnectionResult) -> a
    void onConnectionSuspended(int) -> a
    com.google.android.gms.common.api.internal.zach zaa(com.google.android.gms.common.api.internal.zace) -> a
    void zaa(com.google.android.gms.common.api.internal.zace,com.google.android.gms.signin.internal.zaj) -> a
    void zaa(com.google.android.gms.common.api.internal.zach) -> a
    void zab(com.google.android.gms.signin.internal.zaj) -> a
    void zac(com.google.android.gms.signin.internal.zaj) -> b
    void zabs() -> d
com.google.android.gms.common.api.internal.zacf -> com.google.android.gms.common.api.internal.g0:
    com.google.android.gms.common.api.internal.zace zakk -> a
com.google.android.gms.common.api.internal.zacg -> com.google.android.gms.common.api.internal.h0:
    com.google.android.gms.signin.internal.zaj zagr -> a
    com.google.android.gms.common.api.internal.zace zakk -> b
com.google.android.gms.common.api.internal.zach -> com.google.android.gms.common.api.internal.i0:
    void zaa(com.google.android.gms.common.internal.IAccountAccessor,java.util.Set) -> a
    void zag(com.google.android.gms.common.ConnectionResult) -> b
com.google.android.gms.common.api.internal.zacl -> com.google.android.gms.common.api.internal.j0:
    java.lang.Object then(com.google.android.gms.tasks.Task) -> a
com.google.android.gms.common.api.internal.zacm -> com.google.android.gms.common.api.internal.k0: